d:\ynov\cpp_jeux2d\tp2\x64\debug\vc143.pdb
d:\ynov\cpp_jeux2d\tp2\x64\debug\vc143.idb
d:\ynov\cpp_jeux2d\tp2\x64\debug\main_game.obj
d:\ynov\cpp_jeux2d\tp2\x64\debug\main.obj
d:\ynov\cpp_jeux2d\tp2\x64\debug\actor.obj
d:\ynov\cpp_jeux2d\tp2\x64\debug\tp2.exe
d:\ynov\cpp_jeux2d\tp2\x64\debug\tp2.ilk
d:\ynov\cpp_jeux2d\tp2\x64\debug\tp2.pdb
d:\ynov\cpp_jeux2d\tp2\x64\debug\sfml-graphics-d-2.dll
d:\ynov\cpp_jeux2d\tp2\x64\debug\sfml-window-d-2.dll
d:\ynov\cpp_jeux2d\tp2\x64\debug\sfml-system-d-2.dll
d:\ynov\cpp_jeux2d\tp2\x64\debug\freetyped.dll
d:\ynov\cpp_jeux2d\tp2\x64\debug\zlibd1.dll
d:\ynov\cpp_jeux2d\tp2\x64\debug\bz2d.dll
d:\ynov\cpp_jeux2d\tp2\x64\debug\libpng16d.dll
d:\ynov\cpp_jeux2d\tp2\x64\debug\brotlidec.dll
d:\ynov\cpp_jeux2d\tp2\x64\debug\brotlicommon.dll
d:\ynov\cpp_jeux2d\tp2\x64\debug\tp2.obj
d:\ynov\cpp_jeux2d\tp2\x64\debug\tp2.tlog\cl.command.1.tlog
d:\ynov\cpp_jeux2d\tp2\x64\debug\tp2.tlog\cl.items.tlog
d:\ynov\cpp_jeux2d\tp2\x64\debug\tp2.tlog\cl.read.1.tlog
d:\ynov\cpp_jeux2d\tp2\x64\debug\tp2.tlog\cl.write.1.tlog
d:\ynov\cpp_jeux2d\tp2\x64\debug\tp2.tlog\link.command.1.tlog
d:\ynov\cpp_jeux2d\tp2\x64\debug\tp2.tlog\link.read.1.tlog
d:\ynov\cpp_jeux2d\tp2\x64\debug\tp2.tlog\link.write.1.tlog
d:\ynov\cpp_jeux2d\tp2\x64\debug\tp2.tlog\tp2.write.1u.tlog
d:\ynov\cpp_jeux2d\tp2\x64\debug\tp2.tlog\vcpkginstallmanifestx64-windows.read.1u.tlog
