D:\Program Files\Microsoft Visual Studio\2022\Community\MSBuild\Microsoft\VC\v170\Microsoft.CppBuild.targets(531,5): warning MSB8028: Le répertoire intermédiaire (x64\Debug\) contient des fichiers partagés provenant d'un autre projet (TP2.vcxproj). Cela peut entraîner un comportement de nettoyage et de regénération incorrect.
  main.cpp
D:\ynov\cpp_jeux2D\retro_shmup\solution\actor.h(35,3): warning C4091: 'static ' : ignoré à gauche de 'Actor::Side' quand aucune variable n'est déclarée
  (compiler le fichier source 'main.cpp')
  
D:\ynov\cpp_jeux2D\retro_shmup\solution\enemy.h(12,6): warning C4091: 'static ' : ignoré à gauche de 'Enemy::Type' quand aucune variable n'est déclarée
  (compiler le fichier source 'main.cpp')
  
D:\ynov\cpp_jeux2D\retro_shmup\solution\main.cpp(10,64): warning C4244: 'argument' : conversion de 'T' en 'unsigned int', perte possible de données
D:\ynov\cpp_jeux2D\retro_shmup\solution\main.cpp(10,64): warning C4244:         with
D:\ynov\cpp_jeux2D\retro_shmup\solution\main.cpp(10,64): warning C4244:         [
D:\ynov\cpp_jeux2D\retro_shmup\solution\main.cpp(10,64): warning C4244:             T=float
D:\ynov\cpp_jeux2D\retro_shmup\solution\main.cpp(10,64): warning C4244:         ]
D:\ynov\cpp_jeux2D\retro_shmup\solution\main.cpp(10,50): warning C4244: 'argument' : conversion de 'T' en 'unsigned int', perte possible de données
D:\ynov\cpp_jeux2D\retro_shmup\solution\main.cpp(10,50): warning C4244:         with
D:\ynov\cpp_jeux2D\retro_shmup\solution\main.cpp(10,50): warning C4244:         [
D:\ynov\cpp_jeux2D\retro_shmup\solution\main.cpp(10,50): warning C4244:             T=float
D:\ynov\cpp_jeux2D\retro_shmup\solution\main.cpp(10,50): warning C4244:         ]
  main_game.cpp
D:\ynov\cpp_jeux2D\retro_shmup\solution\actor.h(35,3): warning C4091: 'static ' : ignoré à gauche de 'Actor::Side' quand aucune variable n'est déclarée
  (compiler le fichier source 'main_game.cpp')
  
D:\ynov\cpp_jeux2D\retro_shmup\solution\enemy.h(12,6): warning C4091: 'static ' : ignoré à gauche de 'Enemy::Type' quand aucune variable n'est déclarée
  (compiler le fichier source 'main_game.cpp')
  
  Génération de code en cours...
  TP2.vcxproj -> D:\ynov\cpp_jeux2D\retro_shmup\solution\x64\Debug\retro_shmup.exe
